RemoteStar_HXD_SDK/proguard.cfg
-optimizationpasses 5
-dontusemixedcaseclassnames
-dontskipnonpubliclibraryclasses
-dontpreverify
-verbose
-optimizations !code/simplification/arithmetic,!field/*,!class/merging/*
-keep public class * extends android.app.Activity
-keep public class * extends android.app.Application
-keep public class * extends android.app.Service
-keep public class * extends android.content.BroadcastReceiver
-keep public class * extends android.content.ContentProvider
-keep public class * extends android.app.backup.BackupAgentHelper
-keep public class * extends android.preference.Preference
-keep public class com.android.vending.licensing.ILicensingService
-keep class android.support.v4.app.** { *; }
-keep interface android.support.v4.app.** { *; }
-keep class com.actionbarsherlock.** { *; }
-keep interface com.actionbarsherlock.** { *; }

-keep class com.tutk.IOTC.** { *; }
-keep interface com.tutk.IOTC.** { *; }


-keepattributes *Annotation*
-keepclasseswithmembernames class * {
    native <methods>;
}

-keepclasseswithmembers class * {
    public <init>(android.content.Context, android.util.AttributeSet);
}

-keepclasseswithmembers class * {
    public <init>(android.content.Context, android.util.AttributeSet, int);
}

-keepclassmembers class * extends android.app.Activity {
   public void *(android.view.View);
}

-keepclassmembers enum * {
    public static **[] values();
    public static ** valueOf(java.lang.String);
}

-keep class * implements android.os.Parcelable {
  public static final android.os.Parcelable$Creator *;
}
-dontwarn android.support.**
-libraryjars libs/et_lib_common.jar
-libraryjars libs/et_lib_io.jar
-libraryjars libs/et_lib_ir.jar
-libraryjars libs/et_lib_net.jar
-libraryjars libs/et_lib_pyin.jar
-libraryjars libs/et_lib_tg.jar
-libraryjars libs/et_lib_usb_new.jar
-libraryjars libs/zxing.jar
-libraryjars libs/threeman_remote_1.0.10.jar