RemoteStar_HXD_SDK/proguard/seeds.txt
android.support.v4.widget.SlidingPaneLayout$SavedState
android.support.v4.widget.SlidingPaneLayout$SavedState: android.os.Parcelable$Creator CREATOR
android.support.v4.widget.SwipeRefreshLayout
android.support.v4.widget.SwipeRefreshLayout: SwipeRefreshLayout(android.content.Context,android.util.AttributeSet)
com.actionbarsherlock.ActionBarSherlock
com.actionbarsherlock.ActionBarSherlock: java.lang.String TAG
com.actionbarsherlock.ActionBarSherlock: boolean DEBUG
com.actionbarsherlock.ActionBarSherlock: java.lang.Class[] CONSTRUCTOR_ARGS
com.actionbarsherlock.ActionBarSherlock: java.util.HashMap IMPLEMENTATIONS
com.actionbarsherlock.ActionBarSherlock: int FLAG_DELEGATE
com.actionbarsherlock.ActionBarSherlock: android.app.Activity mActivity
com.actionbarsherlock.ActionBarSherlock: boolean mIsDelegate
com.actionbarsherlock.ActionBarSherlock: com.actionbarsherlock.view.MenuInflater mMenuInflater
com.actionbarsherlock.ActionBarSherlock: void <clinit>()
com.actionbarsherlock.ActionBarSherlock: void registerImplementation(java.lang.Class)
com.actionbarsherlock.ActionBarSherlock: boolean unregisterImplementation(java.lang.Class)
com.actionbarsherlock.ActionBarSherlock: com.actionbarsherlock.ActionBarSherlock wrap(android.app.Activity)
com.actionbarsherlock.ActionBarSherlock: com.actionbarsherlock.ActionBarSherlock wrap(android.app.Activity,int)
com.actionbarsherlock.ActionBarSherlock: ActionBarSherlock(android.app.Activity,int)
com.actionbarsherlock.ActionBarSherlock: com.actionbarsherlock.app.ActionBar getActionBar()
com.actionbarsherlock.ActionBarSherlock: void dispatchConfigurationChanged(android.content.res.Configuration)
com.actionbarsherlock.ActionBarSherlock: void dispatchPostResume()
com.actionbarsherlock.ActionBarSherlock: void dispatchPause()
com.actionbarsherlock.ActionBarSherlock$Implementation
com.actionbarsherlock.ActionBarSherlock$Implementation: int DEFAULT_API
com.actionbarsherlock.ActionBarSherlock$Implementation: int DEFAULT_DPI
com.actionbarsherlock.ActionBarSherlock$Implementation: int api()
com.actionbarsherlock.ActionBarSherlock$Implementation: int dpi()
com.actionbarsherlock.ActionBarSherlock$OnActionModeFinishedListener
com.actionbarsherlock.ActionBarSherlock$OnActionModeFinishedListener: void onActionModeFinished(com.actionbarsherlock.view.ActionMode)
com.actionbarsherlock.ActionBarSherlock$OnActionModeStartedListener
com.actionbarsherlock.ActionBarSherlock$OnActionModeStartedListener: void onActionModeStarted(com.actionbarsherlock.view.ActionMode)
com.actionbarsherlock.ActionBarSherlock$OnCreateOptionsMenuListener
com.actionbarsherlock.ActionBarSherlock$OnCreateOptionsMenuListener: boolean onCreateOptionsMenu(com.actionbarsherlock.view.Menu)
com.actionbarsherlock.ActionBarSherlock$OnCreatePanelMenuListener
com.actionbarsherlock.ActionBarSherlock$OnCreatePanelMenuListener: boolean onCreatePanelMenu(int,com.actionbarsherlock.view.Menu)
com.actionbarsherlock.ActionBarSherlock$OnMenuItemSelectedListener
com.actionbarsherlock.ActionBarSherlock$OnMenuItemSelectedListener: boolean onMenuItemSelected(int,com.actionbarsherlock.view.MenuItem)
com.actionbarsherlock.ActionBarSherlock$OnOptionsItemSelectedListener
com.actionbarsherlock.ActionBarSherlock$OnOptionsItemSelectedListener: boolean onOptionsItemSelected(com.actionbarsherlock.view.MenuItem)
com.actionbarsherlock.ActionBarSherlock$OnPrepareOptionsMenuListener
com.actionbarsherlock.ActionBarSherlock$OnPrepareOptionsMenuListener: boolean onPrepareOptionsMenu(com.actionbarsherlock.view.Menu)
com.actionbarsherlock.ActionBarSherlock$OnPreparePanelListener
com.actionbarsherlock.ActionBarSherlock$OnPreparePanelListener: boolean onPreparePanel(int,android.view.View,com.actionbarsherlock.view.Menu)
com.actionbarsherlock.R
com.actionbarsherlock.R: R()