RemoteStar_HXD_SDK/proguard/mapping.txt
android.support.v4.view.ViewConfigurationCompat$ViewConfigurationVersionImpl -> android.support.v4.view.be:
    int getScaledPagingTouchSlop(android.view.ViewConfiguration) -> a
android.support.v4.view.ViewGroupCompat -> android.support.v4.view.bf:
    android.support.v4.view.ViewGroupCompat$ViewGroupCompatImpl IMPL -> a
    void setMotionEventSplittingEnabled$4d3af60(android.view.ViewGroup) -> a
android.support.v4.view.ViewGroupCompat$ViewGroupCompatApi21Impl -> android.support.v4.view.bg:
android.support.v4.view.ViewGroupCompat$ViewGroupCompatHCImpl -> android.support.v4.view.bh:
    void setMotionEventSplittingEnabled$4d3af60(android.view.ViewGroup) -> a
android.support.v4.view.ViewGroupCompat$ViewGroupCompatIcsImpl -> android.support.v4.view.bi:
android.support.v4.view.ViewGroupCompat$ViewGroupCompatImpl -> android.support.v4.view.bj:
    void setMotionEventSplittingEnabled$4d3af60(android.view.ViewGroup) -> a
android.support.v4.view.ViewGroupCompat$ViewGroupCompatJellybeanMR2Impl -> android.support.v4.view.bk:
android.support.v4.view.ViewGroupCompat$ViewGroupCompatStubImpl -> android.support.v4.view.bl:
    void setMotionEventSplittingEnabled$4d3af60(android.view.ViewGroup) -> a
android.support.v4.view.ViewPager -> android.support.v4.view.ViewPager:
    int[] LAYOUT_ATTRS -> a
    int mExpectedAdapterCount -> b
    java.util.Comparator COMPARATOR -> c
    android.view.animation.Interpolator sInterpolator -> d
    java.util.ArrayList mItems -> e
    android.support.v4.view.ViewPager$ItemInfo mTempItem -> f
    android.graphics.Rect mTempRect -> g
    android.support.v4.view.PagerAdapter mAdapter -> h
    int mCurItem -> i
    int mRestoredCurItem -> j
    android.os.Parcelable mRestoredAdapterState -> k
    java.lang.ClassLoader mRestoredClassLoader -> l
    android.widget.Scroller mScroller -> m
    int mPageMargin -> n
    android.graphics.drawable.Drawable mMarginDrawable -> o
    int mTopPageBounds -> p
    int mBottomPageBounds -> q
    float mFirstOffset -> r
    float mLastOffset -> s
    int mChildWidthMeasureSpec -> t
    int mChildHeightMeasureSpec -> u
    boolean mInLayout -> v
    boolean mScrollingCacheEnabled -> w
    boolean mPopulatePending -> x
    int mOffscreenPageLimit -> y
    boolean mIsBeingDragged -> z
    boolean mIsUnableToDrag -> A
    int mDefaultGutterSize -> B
    int mGutterSize -> C
    int mTouchSlop -> D
    float mLastMotionX -> E
    float mLastMotionY -> F
    float mInitialMotionX -> G
    float mInitialMotionY -> H
    int mActivePointerId -> I
    android.view.VelocityTracker mVelocityTracker -> J
    int mMinimumVelocity -> K
    int mMaximumVelocity -> L
    int mFlingDistance -> M
    int mCloseEnough -> N
android.support.v4.view.ViewPager$1 -> android.support.v4.view.bm:
    int compare(java.lang.Object,java.lang.Object) -> compare
android.support.v4.view.ViewPager$2 -> android.support.v4.view.bn:
    float getInterpolation(float) -> getInterpolation
android.support.v4.view.ViewPager$3 -> android.support.v4.view.bo:
    android.support.v4.view.ViewPager this$0 -> a
    void run() -> run
android.support.v4.view.ViewPager$Decor -> android.support.v4.view.bp:
android.support.v4.view.ViewPager$ItemInfo -> android.support.v4.view.bq:
    java.lang.Object object -> a
    int position -> b
    boolean scrolling -> c
    float widthFactor -> d
    float offset -> e
android.support.v4.view.ViewPager$LayoutParams -> android.support.v4.view.ViewPager$LayoutParams:
    boolean isDecor -> a
    int gravity -> b
    float widthFactor -> c
    boolean needsMeasure -> d
    int position -> e
    int childIndex -> f