RemoteStar_HXD_SDK/proguard/usage.txt
android.support.v4.view.ViewGroupCompatIcs
android.support.v4.view.ViewGroupCompatJellybeanMR2
android.support.v4.view.ViewPager:
    private static final java.lang.String TAG
    private static final boolean DEBUG
    private static final boolean USE_CACHE
    private static final int DEFAULT_OFFSCREEN_PAGES
    private static final int MAX_SETTLE_DURATION
    private static final int MIN_DISTANCE_FOR_FLING
    private static final int DEFAULT_GUTTER_SIZE
    private static final int MIN_FLING_VELOCITY
    private android.support.v4.view.ViewPager$PagerObserver mObserver
    private boolean mIgnoreGutter
    private static final int INVALID_POINTER
    private static final int CLOSE_ENOUGH
    private long mFakeDragBeginTime
    private java.lang.reflect.Method mSetChildrenDrawingOrderEnabled
    private static final int DRAW_ORDER_DEFAULT
    private static final int DRAW_ORDER_FORWARD
    private static final int DRAW_ORDER_REVERSE
    public static final int SCROLL_STATE_IDLE
    public static final int SCROLL_STATE_DRAGGING
    public static final int SCROLL_STATE_SETTLING
    349:351:public ViewPager(android.content.Context)
    413:456:public void setAdapter(android.support.v4.view.PagerAdapter)
    459:467:private void removeNonDecorViews()
    597:598:public void setOnPageChangeListener(android.support.v4.view.ViewPager$OnPageChangeListener)
    613:625:public void setPageTransformer(boolean,android.support.v4.view.ViewPager$PageTransformer)
    628:643:void setChildrenDrawingOrderEnabledCompat(boolean)
    672:672:public int getOffscreenPageLimit()
android.support.v4.view.ViewPager$OnAdapterChangeListener:
    public abstract void onAdapterChanged(android.support.v4.view.PagerAdapter,android.support.v4.view.PagerAdapter)
android.support.v4.view.ViewPager$PagerObserver
android.support.v4.view.ViewPager$SimpleOnPageChangeListener
android.support.v4.view.ViewParentCompat
android.support.v4.view.ViewParentCompat$ViewParentCompatICSImpl
android.support.v4.view.ViewParentCompat$ViewParentCompatImpl
android.support.v4.view.ViewParentCompat$ViewParentCompatStubImpl
android.support.v4.view.ViewParentCompatICS
android.support.v4.view.ViewPropertyAnimatorCompat
android.support.v4.view.ViewPropertyAnimatorCompat$1
android.support.v4.view.ViewPropertyAnimatorCompat$BaseViewPropertyAnimatorCompatImpl
android.support.v4.view.ViewPropertyAnimatorCompat$BaseViewPropertyAnimatorCompatImpl$Starter
android.support.v4.view.ViewPropertyAnimatorCompat$ICSViewPropertyAnimatorCompatImpl
android.support.v4.view.ViewPropertyAnimatorCompat$ICSViewPropertyAnimatorCompatImpl$MyVpaListener
android.support.v4.view.ViewPropertyAnimatorCompat$JBMr2ViewPropertyAnimatorCompatImpl
android.support.v4.view.ViewPropertyAnimatorCompat$JBViewPropertyAnimatorCompatImpl
android.support.v4.view.ViewPropertyAnimatorCompat$KitKatViewPropertyAnimatorCompatImpl
android.support.v4.view.ViewPropertyAnimatorCompat$ViewPropertyAnimatorCompatImpl
android.support.v4.view.ViewPropertyAnimatorCompatICS
android.support.v4.view.ViewPropertyAnimatorCompatICS$1
android.support.v4.view.ViewPropertyAnimatorCompatJB
android.support.v4.view.ViewPropertyAnimatorCompatJB$1
android.support.v4.view.ViewPropertyAnimatorCompatJellybeanMr2
android.support.v4.view.ViewPropertyAnimatorCompatKK
android.support.v4.view.ViewPropertyAnimatorCompatKK$1
android.support.v4.view.ViewPropertyAnimatorListener
android.support.v4.view.ViewPropertyAnimatorListenerAdapter
android.support.v4.view.ViewPropertyAnimatorUpdateListener
android.support.v4.view.WindowCompat
android.support.v4.view.WindowInsetsCompat
android.support.v4.view.WindowInsetsCompatApi21
android.support.v4.view.accessibility.AccessibilityEventCompat
android.support.v4.view.accessibility.AccessibilityEventCompat$AccessibilityEventIcsImpl
android.support.v4.view.accessibility.AccessibilityEventCompat$AccessibilityEventStubImpl
android.support.v4.view.accessibility.AccessibilityEventCompat$AccessibilityEventVersionImpl